make clean
make opgave_4_3.ko
make install
gcc test.c -o test
sudo ./test /dev/mychardev-0 "hallo"

Opening /dev/mychardev-0 with read/write mode
Writing hallo
Succesfully writing 4 bytes.
Reading hallo
Buffer: hallo
Buffer1: doei
Succesfully reading 4 bytes.
Closing /dev/mychardev-0
Successfully closed /dev/mychardev-0

dmesg | tail -20

[ 5072.417272] Driver succesfully initialized.
[ 5095.569541] Device opened sucessfully. Open count: 1
[ 5095.569545] Device opened sucessfully. Open count: 2
[ 5095.569569] Writing started.
[ 5095.569570] Written 5 bytes(s) from 0
[ 5095.569570] Read 256 bytes(s) from 0
[ 5095.569571] Writing started.
[ 5095.569571] Written 4 bytes(s) from 0
[ 5095.569572] Read 256 bytes(s) from 0
[ 5095.569581] Device closed sucessfully.

make uninstall
